<?xml version="1.0" encoding="UTF-8"?>
<!-- Generated by org.testng.reporters.JUnitXMLReporter -->
<testsuite ignored="3" hostname="DESKTOP-70NR976" failures="0" tests="2" name="Test" time="0.073" errors="0" timestamp="2023-01-29T18:23:20 IST">
  <testcase classname="TestNg.Testnggrouping" name="test5" time="0.011"/>
  <testcase classname="TestNg.Testnggrouping" name="titleverification" time="0.001"/>
  <testcase classname="TestNg.Testnggrouping" name="test3" time="0.0">
    <ignored/>
  </testcase> <!-- test3 -->
  <testcase classname="TestNg.Testnggrouping" name="test4" time="0.0">
    <ignored/>
  </testcase> <!-- test4 -->
  <testcase classname="TestNg.Testnggrouping" name="test2" time="0.0">
    <ignored/>
  </testcase> <!-- test2 -->
</testsuite> <!-- Test -->
